2025-04-05 00:00:51.157  INFO 16232 --- [           main] com.dimka228.messenger.MessengerApplication : Starting MessengerApplication v0.0.1 using Java 17.0.9 with PID 16232 (C:\Users\Queen\Documents\github\anon-messenger\out\messenger-0.0.1.jar started by Queen in C:\Users\Queen\Documents\github\anon-messenger)
2025-04-05 00:00:51.384  INFO 16232 --- [           main] com.dimka228.messenger.MessengerApplication : No active profile set, falling back to 1 default profile: "default"
2025-04-05 00:01:12.583  INFO 16232 --- [           main] com.dimka228.messenger.MessengerApplication : Started MessengerApplication in 24.166 seconds (process running for 29.861)
2025-04-05 00:01:33.928  INFO 16440 --- [           main] com.dimka228.messenger.MessengerApplication : Starting MessengerApplication v0.0.1 using Java 17.0.9 with PID 16440 (C:\Users\Queen\Documents\github\anon-messenger\out\messenger-0.0.1.jar started by Queen in C:\Users\Queen\Documents\github\anon-messenger)
2025-04-05 00:01:33.960  INFO 16440 --- [           main] com.dimka228.messenger.MessengerApplication : No active profile set, falling back to 1 default profile: "default"
2025-04-05 00:01:46.563  INFO 18480 --- [           main] com.dimka228.messenger.MessengerApplication : Starting MessengerApplication v0.0.1 using Java 17.0.9 with PID 18480 (C:\Users\Queen\Documents\github\anon-messenger\out\messenger-0.0.1.jar started by Queen in C:\Users\Queen\Documents\github\anon-messenger)
2025-04-05 00:01:46.588  INFO 18480 --- [           main] com.dimka228.messenger.MessengerApplication : No active profile set, falling back to 1 default profile: "default"
2025-04-05 00:02:15.362  INFO 16440 --- [           main] com.dimka228.messenger.MessengerApplication : Started MessengerApplication in 42.49 seconds (process running for 44.828)
2025-04-05 00:02:20.491  INFO 18480 --- [           main] com.dimka228.messenger.MessengerApplication : Started MessengerApplication in 37.644 seconds (process running for 42.316)
2025-04-05 00:02:57.097  INFO 16232 --- [nio-9086-exec-2] com.dimka228.messenger.event.WebSocketEventListener : New session for user: aboba1
2025-04-05 00:05:38.806  INFO 16232 --- [io-9086-exec-29] com.dimka228.messenger.event.WebSocketEventListener : Session disconnected user: aboba1
2025-04-05 00:06:01.534  INFO 16440 --- [nio-9088-exec-9] com.dimka228.messenger.event.WebSocketEventListener : New session for user: aboba1
2025-04-05 00:07:07.088  INFO 16440 --- [io-9088-exec-22] com.dimka228.messenger.event.WebSocketEventListener : Session disconnected user: aboba1
2025-04-05 00:12:45.918  INFO 18480 --- [io-9089-exec-18] com.dimka228.messenger.event.WebSocketEventListener : New session for user: aboba1
2025-04-05 00:14:02.390  INFO 18480 --- [io-9089-exec-18] com.dimka228.messenger.event.WebSocketEventListener : Session disconnected user: aboba1
2025-04-05 00:14:16.667  INFO 16232 --- [io-9086-exec-26] com.dimka228.messenger.event.WebSocketEventListener : New session for user: aboba1
2025-04-05 00:24:23.280  INFO 16232 --- [io-9086-exec-38] com.dimka228.messenger.event.WebSocketEventListener : Session disconnected user: aboba1
2025-04-05 00:24:37.377  INFO 18480 --- [io-9089-exec-41] com.dimka228.messenger.event.WebSocketEventListener : New session for user: aboba1
2025-04-05 00:35:09.003  INFO 18480 --- [io-9089-exec-32] com.dimka228.messenger.event.WebSocketEventListener : Session disconnected user: aboba1
2025-04-05 00:42:52.883  INFO 16232 --- [io-9086-exec-41] com.dimka228.messenger.event.WebSocketEventListener : New session for user: aboba1
2025-04-05 00:46:47.506  INFO 16232 --- [io-9086-exec-52] com.dimka228.messenger.event.WebSocketEventListener : Session disconnected user: aboba1
2025-04-05 00:47:42.523  INFO 20604 --- [           main] com.dimka228.messenger.MessengerApplication : Starting MessengerApplication v0.0.1 using Java 17.0.9 with PID 20604 (C:\Users\Queen\Documents\github\anon-messenger\out\messenger-0.0.1.jar started by Queen in C:\Users\Queen\Documents\github\anon-messenger)
2025-04-05 00:47:42.588  INFO 20604 --- [           main] com.dimka228.messenger.MessengerApplication : No active profile set, falling back to 1 default profile: "default"
2025-04-05 00:48:00.975  INFO 20604 --- [           main] com.dimka228.messenger.MessengerApplication : Started MessengerApplication in 19.575 seconds (process running for 21.817)
2025-04-05 00:51:45.362  INFO 20544 --- [           main] com.dimka228.messenger.MessengerApplication : Starting MessengerApplication v0.0.1 using Java 17.0.9 with PID 20544 (C:\Users\Queen\Documents\github\anon-messenger\out\messenger-0.0.1.jar started by Queen in C:\Users\Queen\Documents\github\anon-messenger)
2025-04-05 00:51:45.389  INFO 20544 --- [           main] com.dimka228.messenger.MessengerApplication : No active profile set, falling back to 1 default profile: "default"
2025-04-05 00:52:05.511  INFO 20544 --- [           main] com.dimka228.messenger.MessengerApplication : Started MessengerApplication in 21.228 seconds (process running for 23.261)
2025-04-05 00:54:40.878  INFO 11260 --- [           main] com.dimka228.messenger.MessengerApplication : Starting MessengerApplication v0.0.1 using Java 17.0.9 with PID 11260 (C:\Users\Queen\Documents\github\anon-messenger\out\messenger-0.0.1.jar started by Queen in C:\Users\Queen\Documents\github\anon-messenger)
2025-04-05 00:54:40.959  INFO 11260 --- [           main] com.dimka228.messenger.MessengerApplication : No active profile set, falling back to 1 default profile: "default"
2025-04-05 00:54:58.969  INFO 11260 --- [           main] com.dimka228.messenger.MessengerApplication : Started MessengerApplication in 19.009 seconds (process running for 20.987)
2025-04-05 00:57:14.647  INFO 19012 --- [           main] com.dimka228.messenger.MessengerApplication : Starting MessengerApplication v0.0.1 using Java 17.0.9 with PID 19012 (C:\Users\Queen\Documents\github\anon-messenger\out\messenger-0.0.1.jar started by Queen in C:\Users\Queen\Documents\github\anon-messenger)
2025-04-05 00:57:14.677  INFO 19012 --- [           main] com.dimka228.messenger.MessengerApplication : No active profile set, falling back to 1 default profile: "default"
2025-04-05 00:57:32.881  INFO 19012 --- [           main] com.dimka228.messenger.MessengerApplication : Started MessengerApplication in 19.428 seconds (process running for 21.762)
2025-04-05 01:25:51.528  INFO 11740 --- [           main] com.dimka228.messenger.MessengerApplication : Starting MessengerApplication v0.0.1 using Java 17.0.9 with PID 11740 (C:\Users\Queen\Documents\github\anon-messenger\out\messenger-0.0.1.jar started by Queen in C:\Users\Queen\Documents\github\anon-messenger)
2025-04-05 01:25:51.557  INFO 11740 --- [           main] com.dimka228.messenger.MessengerApplication : No active profile set, falling back to 1 default profile: "default"
2025-04-05 01:26:08.037  INFO 11740 --- [           main] com.dimka228.messenger.MessengerApplication : Started MessengerApplication in 17.751 seconds (process running for 19.861)
2025-04-05 01:58:55.957  WARN 11740 --- [l-1 housekeeper] com.zaxxer.hikari.pool.HikariPool : HikariPool-1 - Thread starvation or clock leap detected (housekeeper delta=53s598ms506µs600ns).
2025-04-05 02:01:24.033  INFO 11740 --- [o-9087-exec-383] com.dimka228.messenger.event.WebSocketEventListener : New session for user: aboba1
2025-04-05 02:03:26.399  INFO 11740 --- [o-9087-exec-312] com.dimka228.messenger.event.WebSocketEventListener : Session disconnected user: aboba1
2025-04-05 02:36:12.988  INFO 20812 --- [           main] com.dimka228.messenger.MessengerApplication : Starting MessengerApplication v0.0.1 using Java 17.0.9 with PID 20812 (C:\Users\Queen\Documents\github\anon-messenger\out\messenger-0.0.1.jar started by Queen in C:\Users\Queen\Documents\github\anon-messenger)
2025-04-05 02:36:13.055  INFO 20812 --- [           main] com.dimka228.messenger.MessengerApplication : No active profile set, falling back to 1 default profile: "default"
2025-04-05 02:36:36.355  INFO 26176 --- [           main] com.dimka228.messenger.MessengerApplication : Starting MessengerApplication v0.0.1 using Java 17.0.9 with PID 26176 (C:\Users\Queen\Documents\github\anon-messenger\out\messenger-0.0.1.jar started by Queen in C:\Users\Queen\Documents\github\anon-messenger)
2025-04-05 02:36:36.382  INFO 26176 --- [           main] com.dimka228.messenger.MessengerApplication : No active profile set, falling back to 1 default profile: "default"
2025-04-05 02:36:40.695  INFO 20812 --- [           main] com.dimka228.messenger.MessengerApplication : Started MessengerApplication in 29.071 seconds (process running for 31.462)
2025-04-05 02:37:27.362  INFO 26176 --- [           main] com.dimka228.messenger.MessengerApplication : Started MessengerApplication in 55.83 seconds (process running for 60.587)
2025-04-05 02:52:54.889  INFO 24872 --- [           main] com.dimka228.messenger.MessengerApplication : Starting MessengerApplication v0.0.1 using Java 17.0.9 with PID 24872 (C:\Users\Queen\Documents\github\anon-messenger\out\messenger-0.0.1.jar started by Queen in C:\Users\Queen\Documents\github\anon-messenger)
2025-04-05 02:52:54.965  INFO 24872 --- [           main] com.dimka228.messenger.MessengerApplication : No active profile set, falling back to 1 default profile: "default"
2025-04-05 02:53:14.301  INFO 24872 --- [           main] com.dimka228.messenger.MessengerApplication : Started MessengerApplication in 20.647 seconds (process running for 22.92)
2025-04-05 03:29:05.803  INFO 17612 --- [           main] com.dimka228.messenger.MessengerApplication : Starting MessengerApplication v0.0.1 using Java 17.0.9 with PID 17612 (C:\Users\Queen\Documents\github\anon-messenger\out\messenger-0.0.1.jar started by Queen in C:\Users\Queen\Documents\github\anon-messenger)
2025-04-05 03:29:05.844  INFO 17612 --- [           main] com.dimka228.messenger.MessengerApplication : No active profile set, falling back to 1 default profile: "default"
2025-04-05 03:29:19.764  INFO 12996 --- [           main] com.dimka228.messenger.MessengerApplication : Starting MessengerApplication v0.0.1 using Java 17.0.9 with PID 12996 (C:\Users\Queen\Documents\github\anon-messenger\out\messenger-0.0.1.jar started by Queen in C:\Users\Queen\Documents\github\anon-messenger)
2025-04-05 03:29:19.861  INFO 12996 --- [           main] com.dimka228.messenger.MessengerApplication : No active profile set, falling back to 1 default profile: "default"
2025-04-05 03:29:39.907  INFO 26344 --- [           main] com.dimka228.messenger.MessengerApplication : Starting MessengerApplication v0.0.1 using Java 17.0.9 with PID 26344 (C:\Users\Queen\Documents\github\anon-messenger\out\messenger-0.0.1.jar started by Queen in C:\Users\Queen\Documents\github\anon-messenger)
2025-04-05 03:29:39.926  INFO 26344 --- [           main] com.dimka228.messenger.MessengerApplication : No active profile set, falling back to 1 default profile: "default"
2025-04-05 03:29:40.301  INFO 17612 --- [           main] com.dimka228.messenger.MessengerApplication : Started MessengerApplication in 35.562 seconds (process running for 38.198)
2025-04-05 03:30:00.204  INFO 12996 --- [           main] com.dimka228.messenger.MessengerApplication : Started MessengerApplication in 42.834 seconds (process running for 48.237)
2025-04-05 03:30:13.440  INFO 26344 --- [           main] com.dimka228.messenger.MessengerApplication : Started MessengerApplication in 35.89 seconds (process running for 41.83)
2025-04-05 03:32:36.885  INFO 7960 --- [           main] com.dimka228.messenger.MessengerApplication : Starting MessengerApplication v0.0.1 using Java 17.0.9 with PID 7960 (C:\Users\Queen\Documents\github\anon-messenger\out\messenger-0.0.1.jar started by Queen in C:\Users\Queen\Documents\github\anon-messenger)
2025-04-05 03:32:36.934  INFO 7960 --- [           main] com.dimka228.messenger.MessengerApplication : No active profile set, falling back to 1 default profile: "default"
2025-04-05 03:32:56.084  INFO 7960 --- [           main] com.dimka228.messenger.MessengerApplication : Started MessengerApplication in 20.208 seconds (process running for 22.426)
2025-04-05 03:55:05.515  INFO 20256 --- [           main] com.dimka228.messenger.MessengerApplication : Starting MessengerApplication v0.0.1 using Java 17.0.9 with PID 20256 (C:\Users\Queen\Documents\github\anon-messenger\out\messenger-0.0.1.jar started by Queen in C:\Users\Queen\Documents\github\anon-messenger)
2025-04-05 03:55:05.555  INFO 20256 --- [           main] com.dimka228.messenger.MessengerApplication : No active profile set, falling back to 1 default profile: "default"
2025-04-05 03:55:30.361  INFO 20256 --- [           main] com.dimka228.messenger.MessengerApplication : Started MessengerApplication in 25.908 seconds (process running for 28.115)
